<?xml version="1.0"?>
<!DOCTYPE coverage SYSTEM "http://cobertura.sourceforge.net/xml/coverage-04.dtd">

<coverage line-rate="0.5573997233748271" branch-rate="0.46293245469522243" lines-covered="806" lines-valid="1446" branches-covered="281" branches-valid="607" complexity="2.2688172043010755" version="1.9.4.1" timestamp="1351080499026">
	<sources>
		<source>--source</source>
		<source>/home/mhm/Projects/github/jasmin/src/main/java</source>
	</sources>
	<packages>
		<package name="net.oneandone.jasmin.cache" line-rate="0.7532467532467533" branch-rate="0.6333333333333333" complexity="2.0">
			<classes>
				<class name="net.oneandone.jasmin.cache.Cache" filename="net/oneandone/jasmin/cache/Cache.java" line-rate="0.7424242424242424" branch-rate="0.6428571428571429" complexity="0.0">
					<methods>
						<method name="&lt;init&gt;" signature="(I)V" line-rate="1.0" branch-rate="1.0">
							<lines>
								<line number="32" hits="25" branch="false"/>
								<line number="33" hits="25" branch="false"/>
								<line number="34" hits="25" branch="false"/>
								<line number="35" hits="25" branch="false"/>
								<line number="36" hits="25" branch="false"/>
								<line number="37" hits="25" branch="false"/>
								<line number="38" hits="25" branch="false"/>
							</lines>
						</method>
						<method name="add" signature="(Ljava/lang/Object;Ljava/lang/Object;JJ)V" line-rate="1.0" branch-rate="1.0">
							<lines>
								<line number="71" hits="1234" branch="false"/>
								<line number="72" hits="1234" branch="false"/>
								<line number="73" hits="1234" branch="true" condition-coverage="100% (2/2)">
									<conditions>
										<condition number="0" type="jump" coverage="100%"/>
									</conditions>
								</line>
								<line number="74" hits="565" branch="false"/>
								<line number="76" hits="1234" branch="false"/>
								<line number="77" hits="1234" branch="false"/>
								<line number="78" hits="1234" branch="false"/>
								<line number="79" hits="1234" branch="false"/>
								<line number="80" hits="1234" branch="false"/>
							</lines>
						</method>
						<method name="doResize" signature="(I)V" line-rate="0.8461538461538461" branch-rate="0.75">
							<lines>
								<line number="98" hits="1253" branch="true" condition-coverage="100% (2/2)">
									<conditions>
										<condition number="0" type="jump" coverage="100%"/>
									</conditions>
								</line>
								<line number="99" hits="16" branch="false"/>
								<line number="100" hits="657" branch="true" condition-coverage="50% (1/2)">
									<conditions>
										<condition number="0" type="jump" coverage="50%"/>
									</conditions>
								</line>
								<line number="101" hits="657" branch="false"/>
								<line number="102" hits="657" branch="false"/>
								<line number="103" hits="657" branch="false"/>
								<line number="104" hits="657" branch="true" condition-coverage="100% (2/2)">
									<conditions>
										<condition number="0" type="jump" coverage="100%"/>
									</conditions>
								</line>
								<line number="105" hits="16" branch="false"/>
								<line number="108" hits="16" branch="true" condition-coverage="50% (1/2)">
									<conditions>
										<condition number="0" type="jump" coverage="50%"/>
									</conditions>
								</line>
								<line number="109" hits="0" branch="false"/>
								<line number="111" hits="16" branch="true" condition-coverage="75% (3/4)">
									<conditions>
										<condition number="0" type="jump" coverage="100%"/>
										<condition number="1" type="jump" coverage="50%"/>
									</conditions>
								</line>
								<line number="112" hits="0" branch="false"/>
								<line number="115" hits="1253" branch="false"/>
							</lines>
						</method>
						<method name="getMaxSize" signature="()I" line-rate="0.0" branch-rate="1.0">
							<lines>
								<line number="41" hits="0" branch="false"/>
							</lines>
						</method>
						<method name="gets" signature="()I" line-rate="1.0" branch-rate="1.0">
							<lines>
								<line number="132" hits="6" branch="false"/>
							</lines>
						</method>
						<method name="items" signature="()I" line-rate="1.0" branch-rate="1.0">
							<lines>
								<line number="120" hits="7" branch="false"/>
							</lines>
						</method>
						<method name="lookup" signature="(Ljava/lang/Object;)Ljava/lang/Object;" line-rate="1.0" branch-rate="1.0">
							<lines>
								<line number="56" hits="139650" branch="false"/>
								<line number="57" hits="139650" branch="false"/>
								<line number="58" hits="139650" branch="true" condition-coverage="100% (2/2)">
									<conditions>
										<condition number="0" type="jump" coverage="100%"/>
									</conditions>
								</line>
								<line number="59" hits="139029" branch="false"/>
								<line number="60" hits="139029" branch="false"/>
								<line number="61" hits="139029" branch="false"/>
								<line number="63" hits="621" branch="false"/>
								<line number="64" hits="621" branch="false"/>
							</lines>
						</method>
						<method name="misses" signature="()I" line-rate="1.0" branch-rate="1.0">
							<lines>
								<line number="128" hits="6" branch="false"/>
							</lines>
						</method>
						<method name="probe" signature="(Ljava/lang/Object;)Ljava/lang/Object;" line-rate="1.0" branch-rate="1.0">
							<lines>
								<line number="86" hits="139668" branch="false"/>
								<line number="87" hits="139668" branch="true" condition-coverage="100% (2/2)">
									<conditions>
										<condition number="0" type="jump" coverage="100%"/>
									</conditions>
								</line>
							</lines>
						</method>
						<method name="resize" signature="(I)V" line-rate="1.0" branch-rate="1.0">
							<lines>
								<line number="91" hits="19" branch="false"/>
								<line number="92" hits="19" branch="false"/>
							</lines>
						</method>
						<method name="size" signature="()I" line-rate="1.0" branch-rate="1.0">
							<lines>
								<line number="124" hits="2" branch="false"/>
							</lines>
						</method>
						<method name="toString" signature="()Ljava/lang/String;" line-rate="0.0" branch-rate="0.0">
							<lines>
								<line number="155" hits="0" branch="false"/>
								<line number="156" hits="0" branch="true" condition-coverage="0% (0/2)">
									<conditions>
										<condition number="0" type="jump" coverage="0%"/>
									</conditions>
								</line>
								<line number="157" hits="0" branch="false"/>
								<line number="158" hits="0" branch="true" condition-coverage="0% (0/2)">
									<conditions>
										<condition number="0" type="jump" coverage="0%"/>
									</conditions>
								</line>
								<line number="159" hits="0" branch="false"/>
								<line number="161" hits="0" branch="false"/>
								<line number="163" hits="0" branch="false"/>
								<line number="164" hits="0" branch="true" condition-coverage="0% (0/2)">
									<conditions>
										<condition number="0" type="jump" coverage="0%"/>
									</conditions>
								</line>
								<line number="165" hits="0" branch="false"/>
								<line number="166" hits="0" branch="false"/>
								<line number="167" hits="0" branch="false"/>
							</lines>
						</method>
						<method name="toString" signature="(Lnet/oneandone/jasmin/cache/Item;)Ljava/lang/String;" line-rate="0.0" branch-rate="1.0">
							<lines>
								<line number="171" hits="0" branch="false"/>
							</lines>
						</method>
						<method name="validate" signature="()V" line-rate="0.8571428571428571" branch-rate="0.75">
							<lines>
								<line number="138" hits="5" branch="false"/>
								<line number="139" hits="5" branch="true" condition-coverage="100% (2/2)">
									<conditions>
										<condition number="0" type="jump" coverage="100%"/>
									</conditions>
								</line>
								<line number="140" hits="4" branch="false"/>
								<line number="141" hits="4" branch="false"/>
								<line number="142" hits="5" branch="true" condition-coverage="50% (1/2)">
									<conditions>
										<condition number="0" type="jump" coverage="50%"/>
									</conditions>
								</line>
								<line number="143" hits="0" branch="false"/>
								<line number="145" hits="5" branch="false"/>
							</lines>
						</method>
						<method name="valueToString" signature="(Ljava/lang/Object;)Ljava/lang/String;" line-rate="0.0" branch-rate="1.0">
							<lines>
								<line number="48" hits="0" branch="false"/>
							</lines>
						</method>
					</methods>
					<lines>
						<line number="32" hits="25" branch="false"/>
						<line number="33" hits="25" branch="false"/>
						<line number="34" hits="25" branch="false"/>
						<line number="35" hits="25" branch="false"/>
						<line number="36" hits="25" branch="false"/>
						<line number="37" hits="25" branch="false"/>
						<line number="38" hits="25" branch="false"/>
						<line number="41" hits="0" branch="false"/>
						<line number="48" hits="0" branch="false"/>
						<line number="56" hits="139650" branch="false"/>
						<line number="57" hits="139650" branch="false"/>
						<line number="58" hits="139650" branch="true" condition-coverage="100% (2/2)">
							<conditions>
								<condition number="0" type="jump" coverage="100%"/>
							</conditions>
						</line>
						<line number="59" hits="139029" branch="false"/>
						<line number="60" hits="139029" branch="false"/>
						<line number="61" hits="139029" branch="false"/>
						<line number="63" hits="621" branch="false"/>
						<line number="64" hits="621" branch="false"/>
						<line number="71" hits="1234" branch="false"/>
						<line number="72" hits="1234" branch="false"/>
						<line number="73" hits="1234" branch="true" condition-coverage="100% (2/2)">
							<conditions>
								<condition number="0" type="jump" coverage="100%"/>
							</conditions>
						</line>
						<line number="74" hits="565" branch="false"/>
						<line number="76" hits="1234" branch="false"/>
						<line number="77" hits="1234" branch="false"/>
						<line number="78" hits="1234" branch="false"/>
						<line number="79" hits="1234" branch="false"/>
						<line number="80" hits="1234" branch="false"/>
						<line number="86" hits="139668" branch="false"/>
						<line number="87" hits="139668" branch="true" condition-coverage="100% (2/2)">
							<conditions>
								<condition number="0" type="jump" coverage="100%"/>
							</conditions>
						</line>
						<line number="91" hits="19" branch="false"/>
						<line number="92" hits="19" branch="false"/>
						<line number="98" hits="1253" branch="true" condition-coverage="100% (2/2)">
							<conditions>
								<condition number="0" type="jump" coverage="100%"/>
							</conditions>
						</line>
						<line number="99" hits="16" branch="false"/>
						<line number="100" hits="657" branch="true" condition-coverage="50% (1/2)">
							<conditions>
								<condition number="0" type="jump" coverage="50%"/>
							</conditions>
						</line>
						<line number="101" hits="657" branch="false"/>
						<line number="102" hits="657" branch="false"/>
						<line number="103" hits="657" branch="false"/>
						<line number="104" hits="657" branch="true" condition-coverage="100% (2/2)">
							<conditions>
								<condition number="0" type="jump" coverage="100%"/>
							</conditions>
						</line>
						<line number="105" hits="16" branch="false"/>
						<line number="108" hits="16" branch="true" condition-coverage="50% (1/2)">
							<conditions>
								<condition number="0" type="jump" coverage="50%"/>
							</conditions>
						</line>
						<line number="109" hits="0" branch="false"/>
						<line number="111" hits="16" branch="true" condition-coverage="75% (3/4)">
							<conditions>
								<condition number="0" type="jump" coverage="100%"/>
								<condition number="1" type="jump" coverage="50%"/>
							</conditions>
						</line>
						<line number="112" hits="0" branch="false"/>
						<line number="115" hits="1253" branch="false"/>
						<line number="120" hits="7" branch="false"/>
						<line number="124" hits="2" branch="false"/>
						<line number="128" hits="6" branch="false"/>
						<line number="132" hits="6" branch="false"/>
						<line number="138" hits="5" branch="false"/>
						<line number="139" hits="5" branch="true" condition-coverage="100% (2/2)">
							<conditions>
								<condition number="0" type="jump" coverage="100%"/>
							</conditions>
						</line>
						<line number="140" hits="4" branch="false"/>
						<line number="141" hits="4" branch="false"/>
						<line number="142" hits="5" branch="true" condition-coverage="50% (1/2)">
							<conditions>
								<condition number="0" type="jump" coverage="50%"/>
							</conditions>
						</line>
						<line number="143" hits="0" branch="false"/>
						<line number="145" hits="5" branch="false"/>
						<line number="155" hits="0" branch="false"/>
						<line number="156" hits="0" branch="true" condition-coverage="0% (0/2)">
							<conditions>
								<condition number="0" type="jump" coverage="0%"/>
							</conditions>
						</line>
						<line number="157" hits="0" branch="false"/>
						<line number="158" hits="0" branch="true" condition-coverage="0% (0/2)">
							<conditions>
								<condition number="0" type="jump" coverage="0%"/>
							</conditions>
						</line>
						<line number="159" hits="0" branch="false"/>
						<line number="161" hits="0" branch="false"/>
						<line number="163" hits="0" branch="false"/>
						<line number="164" hits="0" branch="true" condition-coverage="0% (0/2)">
							<conditions>
								<condition number="0" type="jump" coverage="0%"/>
							</conditions>
						</line>
						<line number="165" hits="0" branch="false"/>
						<line number="166" hits="0" branch="false"/>
						<line number="167" hits="0" branch="false"/>
						<line number="171" hits="0" branch="false"/>
					</lines>
				</class>
				<class name="net.oneandone.jasmin.cache.Item" filename="net/oneandone/jasmin/cache/Item.java" line-rate="0.8181818181818182" branch-rate="0.5" complexity="2.0">
					<methods>
						<method name="&lt;clinit&gt;" signature="()V" line-rate="1.0" branch-rate="1.0">
							<lines>
								<line number="41" hits="1" branch="false"/>
							</lines>
						</method>
						<method name="&lt;init&gt;" signature="(Ljava/lang/Object;JJ)V" line-rate="0.8888888888888888" branch-rate="0.5">
							<lines>
								<line number="30" hits="1234" branch="false"/>
								<line number="31" hits="1234" branch="true" condition-coverage="50% (1/2)">
									<conditions>
										<condition number="0" type="jump" coverage="50%"/>
									</conditions>
								</line>
								<line number="32" hits="0" branch="false"/>
								<line number="34" hits="1234" branch="false"/>
								<line number="35" hits="1234" branch="false"/>
								<line number="36" hits="1234" branch="false"/>
								<line number="37" hits="1234" branch="false"/>
								<line number="38" hits="1234" branch="false"/>
								<line number="39" hits="1234" branch="false"/>
							</lines>
						</method>
						<method name="toString" signature="()Ljava/lang/String;" line-rate="0.0" branch-rate="1.0">
							<lines>
								<line number="46" hits="0" branch="false"/>
							</lines>
						</method>
					</methods>
					<lines>
						<line number="30" hits="1234" branch="false"/>
						<line number="31" hits="1234" branch="true" condition-coverage="50% (1/2)">
							<conditions>
								<condition number="0" type="jump" coverage="50%"/>
							</conditions>
						</line>
						<line number="32" hits="0" branch="false"/>
						<line number="34" hits="1234" branch="false"/>
						<line number="35" hits="1234" branch="false"/>
						<line number="36" hits="1234" branch="false"/>
						<line number="37" hits="1234" branch="false"/>
						<line number="38" hits="1234" branch="false"/>
						<line number="39" hits="1234" branch="false"/>
						<line number="41" hits="1" branch="false"/>
						<line number="46" hits="0" branch="false"/>
					</lines>
				</class>
			</classes>
		</package>
		<package name="net.oneandone.jasmin.descriptor" line-rate="0.9272727272727272" branch-rate="0.6666666666666666" complexity="1.263157894736842">
			<classes>
				<class name="net.oneandone.jasmin.descriptor.Base" filename="net/oneandone/jasmin/descriptor/Base.java" line-rate="1.0" branch-rate="1.0" complexity="0.0">
					<methods>
						<method name="&lt;clinit&gt;" signature="()V" line-rate="1.0" branch-rate="1.0">
							<lines>
								<line number="19" hits="5" branch="false"/>
								<line number="20" hits="1" branch="false"/>
							</lines>
						</method>
						<method name="&lt;init&gt;" signature="(Ljava/lang/String;I)V" line-rate="1.0" branch-rate="1.0">
							<lines>
							</lines>
						</method>
						<method name="valueOf" signature="(Ljava/lang/String;)Lnet/oneandone/jasmin/descriptor/Base;" line-rate="1.0" branch-rate="1.0">
							<lines>
							</lines>
						</method>
						<method name="values" signature="()[Lnet/oneandone/jasmin/descriptor/Base;" line-rate="1.0" branch-rate="1.0">
							<lines>
							</lines>
						</method>
					</methods>
					<lines>
						<line number="19" hits="5" branch="false"/>
						<line number="20" hits="1" branch="false"/>
					</lines>
				</class>
				<class name="net.oneandone.jasmin.descriptor.Library" filename="net/oneandone/jasmin/descriptor/Library.java" line-rate="0.9090909090909091" branch-rate="1.0" complexity="0.0">
					<methods>
						<method name="&lt;clinit&gt;" signature="()V" line-rate="1.0" branch-rate="1.0">
							<lines>
								<line number="29" hits="1" branch="false"/>
								<line number="30" hits="1" branch="false"/>
							</lines>
						</method>
						<method name="&lt;init&gt;" signature="()V" line-rate="1.0" branch-rate="1.0">
							<lines>
								<line number="41" hits="46" branch="false"/>
								<line number="42" hits="46" branch="false"/>
								<line number="43" hits="46" branch="false"/>
								<line number="44" hits="46" branch="false"/>
								<line number="45" hits="46" branch="false"/>
							</lines>
						</method>
						<method name="csss" signature="()Ljava/util/List;" line-rate="1.0" branch-rate="1.0">
							<lines>
								<line number="52" hits="92" branch="false"/>
							</lines>
						</method>
						<method name="jss" signature="()Ljava/util/List;" line-rate="1.0" branch-rate="1.0">
							<lines>
								<line number="48" hits="92" branch="false"/>
							</lines>
						</method>
						<method name="modules" signature="()Ljava/util/List;" line-rate="1.0" branch-rate="1.0">
							<lines>
								<line number="56" hits="92" branch="false"/>
							</lines>
						</method>
						<method name="toString" signature="()Ljava/lang/String;" line-rate="0.0" branch-rate="1.0">
							<lines>
								<line number="61" hits="0" branch="false"/>
							</lines>
						</method>
					</methods>
					<lines>
						<line number="29" hits="1" branch="false"/>
						<line number="30" hits="1" branch="false"/>
						<line number="41" hits="46" branch="false"/>
						<line number="42" hits="46" branch="false"/>
						<line number="43" hits="46" branch="false"/>
						<line number="44" hits="46" branch="false"/>
						<line number="45" hits="46" branch="false"/>
						<line number="48" hits="92" branch="false"/>
						<line number="52" hits="92" branch="false"/>
						<line number="56" hits="92" branch="false"/>
						<line number="61" hits="0" branch="false"/>
					</lines>
				</class>
				<class name="net.oneandone.jasmin.descriptor.Module" filename="net/oneandone/jasmin/descriptor/Module.java" line-rate="0.9285714285714286" branch-rate="1.0" complexity="1.0">
					<methods>
						<method name="&lt;clinit&gt;" signature="()V" line-rate="1.0" branch-rate="1.0">
							<lines>
								<line number="29" hits="1" branch="false"/>
							</lines>
						</method>
						<method name="&lt;init&gt;" signature="()V" line-rate="1.0" branch-rate="1.0">
							<lines>
								<line number="43" hits="92" branch="false"/>
								<line number="44" hits="92" branch="false"/>
							</lines>
						</method>
						<method name="&lt;init&gt;" signature="(Ljava/lang/String;)V" line-rate="1.0" branch-rate="1.0">
							<lines>
								<line number="46" hits="92" branch="false"/>
								<line number="47" hits="92" branch="false"/>
								<line number="48" hits="92" branch="false"/>
								<line number="49" hits="92" branch="false"/>
								<line number="50" hits="92" branch="false"/>
							</lines>
						</method>
						<method name="dependencies" signature="()Ljava/util/List;" line-rate="1.0" branch-rate="1.0">
							<lines>
								<line number="65" hits="184" branch="false"/>
							</lines>
						</method>
						<method name="getName" signature="()Ljava/lang/String;" line-rate="1.0" branch-rate="1.0">
							<lines>
								<line number="53" hits="92" branch="false"/>
							</lines>
						</method>
						<method name="resources" signature="()Ljava/util/List;" line-rate="1.0" branch-rate="1.0">
							<lines>
								<line number="61" hits="184" branch="false"/>
							</lines>
						</method>
						<method name="setName" signature="(Ljava/lang/String;)V" line-rate="1.0" branch-rate="1.0">
							<lines>
								<line number="57" hits="92" branch="false"/>
								<line number="58" hits="92" branch="false"/>
							</lines>
						</method>
						<method name="toString" signature="()Ljava/lang/String;" line-rate="0.0" branch-rate="1.0">
							<lines>
								<line number="70" hits="0" branch="false"/>
							</lines>
						</method>
					</methods>
					<lines>
						<line number="29" hits="1" branch="false"/>
						<line number="43" hits="92" branch="false"/>
						<line number="44" hits="92" branch="false"/>
						<line number="46" hits="92" branch="false"/>
						<line number="47" hits="92" branch="false"/>
						<line number="48" hits="92" branch="false"/>
						<line number="49" hits="92" branch="false"/>
						<line number="50" hits="92" branch="false"/>
						<line number="53" hits="92" branch="false"/>
						<line number="57" hits="92" branch="false"/>
						<line number="58" hits="92" branch="false"/>
						<line number="61" hits="184" branch="false"/>
						<line number="65" hits="184" branch="false"/>
						<line number="70" hits="0" branch="false"/>
					</lines>
				</class>
				<class name="net.oneandone.jasmin.descriptor.Resource" filename="net/oneandone/jasmin/descriptor/Resource.java" line-rate="0.9285714285714286" branch-rate="0.6666666666666666" complexity="1.4166666666666667">
					<methods>
						<method name="&lt;init&gt;" signature="()V" line-rate="1.0" branch-rate="1.0">
							<lines>
								<line number="43" hits="207" branch="false"/>
								<line number="44" hits="207" branch="false"/>
							</lines>
						</method>
						<method name="&lt;init&gt;" signature="(Lnet/oneandone/jasmin/model/MimeType;Lnet/oneandone/jasmin/descriptor/Base;Ljava/lang/String;Ljava/lang/String;Ljava/lang/String;)V" line-rate="0.8181818181818182" branch-rate="0.6666666666666666">
							<lines>
								<line number="46" hits="322" branch="false"/>
								<line number="47" hits="322" branch="true" condition-coverage="50% (1/2)">
									<conditions>
										<condition number="0" type="jump" coverage="50%"/>
									</conditions>
								</line>
								<line number="48" hits="0" branch="false"/>
								<line number="50" hits="322" branch="true" condition-coverage="75% (3/4)">
									<conditions>
										<condition number="0" type="jump" coverage="100%"/>
										<condition number="1" type="jump" coverage="50%"/>
									</conditions>
								</line>
								<line number="51" hits="0" branch="false"/>
								<line number="53" hits="322" branch="false"/>
								<line number="54" hits="322" branch="false"/>
								<line number="55" hits="322" branch="false"/>
								<line number="56" hits="322" branch="false"/>
								<line number="57" hits="322" branch="false"/>
								<line number="58" hits="322" branch="false"/>
							</lines>
						</method>
						<method name="getBase" signature="()Lnet/oneandone/jasmin/descriptor/Base;" line-rate="1.0" branch-rate="1.0">
							<lines>
								<line number="69" hits="529" branch="false"/>
							</lines>
						</method>
						<method name="getMinPath" signature="()Ljava/lang/String;" line-rate="1.0" branch-rate="1.0">
							<lines>
								<line number="85" hits="529" branch="false"/>
							</lines>
						</method>
						<method name="getPath" signature="()Ljava/lang/String;" line-rate="1.0" branch-rate="1.0">
							<lines>
								<line number="77" hits="529" branch="false"/>
							</lines>
						</method>
						<method name="getType" signature="()Lnet/oneandone/jasmin/model/MimeType;" line-rate="1.0" branch-rate="1.0">
							<lines>
								<line number="61" hits="529" branch="false"/>
							</lines>
						</method>
						<method name="getVariant" signature="()Ljava/lang/String;" line-rate="1.0" branch-rate="1.0">
							<lines>
								<line number="93" hits="529" branch="false"/>
							</lines>
						</method>
						<method name="setBase" signature="(Lnet/oneandone/jasmin/descriptor/Base;)V" line-rate="1.0" branch-rate="1.0">
							<lines>
								<line number="73" hits="207" branch="false"/>
								<line number="74" hits="207" branch="false"/>
							</lines>
						</method>
						<method name="setMinPath" signature="(Ljava/lang/String;)V" line-rate="1.0" branch-rate="1.0">
							<lines>
								<line number="89" hits="207" branch="false"/>
								<line number="90" hits="207" branch="false"/>
							</lines>
						</method>
						<method name="setPath" signature="(Ljava/lang/String;)V" line-rate="1.0" branch-rate="1.0">
							<lines>
								<line number="81" hits="207" branch="false"/>
								<line number="82" hits="207" branch="false"/>
							</lines>
						</method>
						<method name="setType" signature="(Lnet/oneandone/jasmin/model/MimeType;)V" line-rate="1.0" branch-rate="1.0">
							<lines>
								<line number="65" hits="207" branch="false"/>
								<line number="66" hits="207" branch="false"/>
							</lines>
						</method>
						<method name="setVariant" signature="(Ljava/lang/String;)V" line-rate="1.0" branch-rate="1.0">
							<lines>
								<line number="97" hits="207" branch="false"/>
								<line number="98" hits="207" branch="false"/>
							</lines>
						</method>
					</methods>
					<lines>
						<line number="43" hits="207" branch="false"/>
						<line number="44" hits="207" branch="false"/>
						<line number="46" hits="322" branch="false"/>
						<line number="47" hits="322" branch="true" condition-coverage="50% (1/2)">
							<conditions>
								<condition number="0" type="jump" coverage="50%"/>
							</conditions>
						</line>
						<line number="48" hits="0" branch="false"/>
						<line number="50" hits="322" branch="true" condition-coverage="75% (3/4)">
							<conditions>
								<condition number="0" type="jump" coverage="100%"/>
								<condition number="1" type="jump" coverage="50%"/>
							</conditions>
						</line>
						<line number="51" hits="0" branch="false"/>
						<line number="53" hits="322" branch="false"/>
						<line number="54" hits="322" branch="false"/>
						<line number="55" hits="322" branch="false"/>
						<line number="56" hits="322" branch="false"/>
						<line number="57" hits="322" branch="false"/>
						<line number="58" hits="322" branch="false"/>
						<line number="61" hits="529" branch="false"/>
						<line number="65" hits="207" branch="false"/>
						<line number="66" hits="207" branch="false"/>
						<line number="69" hits="529" branch="false"/>
						<line number="73" hits="207" branch="false"/>
						<line number="74" hits="207" branch="false"/>
						<line number="77" hits="529" branch="false"/>
						<line number="81" hits="207" branch="false"/>
						<line number="82" hits="207" branch="false"/>
						<line number="85" hits="529" branch="false"/>
						<line number="89" hits="207" branch="false"/>
						<line number="90" hits="207" branch="false"/>
						<line number="93" hits="529" branch="false"/>
						<line number="97" hits="207" branch="false"/>
						<line number="98" hits="207" branch="false"/>
					</lines>
				</class>
			</classes>
		</package>
		<package name="net.oneandone.jasmin.main" line-rate="0.3018242122719735" branch-rate="0.23983739837398374" complexity="2.4193548387096775">
			<classes>
				<class name="net.oneandone.jasmin.main.Application" filename="net/oneandone/jasmin/main/Application.java" line-rate="0.25925925925925924" branch-rate="0.041666666666666664" complexity="2.909090909090909">
					<methods>
						<method name="&lt;init&gt;" signature="(Ljavax/servlet/ServletContext;Lnet/oneandone/jasmin/model/Resolver;Lnet/oneandone/sushi/fs/Node;Ljava/lang/Integer;)V" line-rate="1.0" branch-rate="1.0">
							<lines>
								<line number="97" hits="4" branch="false"/>
								<line number="98" hits="4" branch="false"/>
								<line number="99" hits="4" branch="false"/>
								<line number="100" hits="4" branch="false"/>
								<line number="101" hits="4" branch="false"/>
								<line number="102" hits="4" branch="false"/>
							</lines>
						</method>
						<method name="access$000" signature="(Lnet/oneandone/jasmin/main/Application;)Ljavax/servlet/ServletContext;" line-rate="0.0" branch-rate="1.0">
							<lines>
								<line number="33" hits="0" branch="false"/>
							</lines>
						</method>
						<method name="createEngine" signature="(Lnet/oneandone/sushi/fs/Node;Lnet/oneandone/sushi/fs/Node;)[Ljava/lang/Object;" line-rate="0.6363636363636364" branch-rate="0.5">
							<lines>
								<line number="117" hits="4" branch="false"/>
								<line number="118" hits="4" branch="false"/>
								<line number="120" hits="4" branch="false"/>
								<line number="126" hits="4" branch="false"/>
								<line number="127" hits="4" branch="true" condition-coverage="50% (1/2)">
									<conditions>
										<condition number="0" type="jump" coverage="50%"/>
									</conditions>
								</line>
								<line number="128" hits="0" branch="false"/>
								<line number="130" hits="4" branch="false"/>
								<line number="131" hits="4" branch="false"/>
								<line number="132" hits="0" branch="false"/>
								<line number="133" hits="0" branch="false"/>
								<line number="134" hits="0" branch="false"/>
							</lines>
						</method>
						<method name="createEngineSimple" signature="(Lnet/oneandone/sushi/fs/Node;Lnet/oneandone/sushi/fs/Node;)Lnet/oneandone/jasmin/model/Engine;" line-rate="1.0" branch-rate="1.0">
							<lines>
								<line number="109" hits="4" branch="false"/>
							</lines>
						</method>
						<method name="file" signature="(Lnet/oneandone/sushi/fs/World;Ljava/lang/String;)Lnet/oneandone/sushi/fs/file/FileNode;" line-rate="0.0" branch-rate="0.0">
							<lines>
								<line number="54" hits="0" branch="true" condition-coverage="0% (0/2)">
									<conditions>
										<condition number="0" type="jump" coverage="0%"/>
									</conditions>
								</line>
								<line number="55" hits="0" branch="false"/>
								<line number="57" hits="0" branch="false"/>
							</lines>
						</method>
						<method name="getApplicationDescriptor" signature="(Ljavax/servlet/ServletConfig;Lnet/oneandone/sushi/fs/file/FileNode;Lnet/oneandone/jasmin/model/Resolver;)Lnet/oneandone/sushi/fs/Node;" line-rate="0.0" branch-rate="0.0">
							<lines>
								<line number="65" hits="0" branch="false"/>
								<line number="66" hits="0" branch="true" condition-coverage="0% (0/2)">
									<conditions>
										<condition number="0" type="jump" coverage="0%"/>
									</conditions>
								</line>
								<line number="67" hits="0" branch="false"/>
								<line number="69" hits="0" branch="false"/>
								<line number="70" hits="0" branch="true" condition-coverage="0% (0/2)">
									<conditions>
										<condition number="0" type="jump" coverage="0%"/>
									</conditions>
								</line>
								<line number="71" hits="0" branch="false"/>
								<line number="73" hits="0" branch="false"/>
								<line number="74" hits="0" branch="true" condition-coverage="0% (0/2)">
									<conditions>
										<condition number="0" type="jump" coverage="0%"/>
									</conditions>
								</line>
								<line number="75" hits="0" branch="false"/>
								<line number="77" hits="0" branch="false"/>
							</lines>
						</method>
						<method name="getBoolean" signature="(Ljavax/servlet/ServletConfig;Ljava/lang/String;Z)Ljava/lang/Boolean;" line-rate="0.0" branch-rate="0.0">
							<lines>
								<line number="143" hits="0" branch="false"/>
								<line number="144" hits="0" branch="true" condition-coverage="0% (0/2)">
									<conditions>
										<condition number="0" type="jump" coverage="0%"/>
									</conditions>
								</line>
								<line number="145" hits="0" branch="false"/>
								<line number="147" hits="0" branch="true" condition-coverage="0% (0/2)">
									<conditions>
										<condition number="0" type="jump" coverage="0%"/>
									</conditions>
								</line>
								<line number="148" hits="0" branch="false"/>
								<line number="149" hits="0" branch="true" condition-coverage="0% (0/2)">
									<conditions>
										<condition number="0" type="jump" coverage="0%"/>
									</conditions>
								</line>
								<line number="150" hits="0" branch="false"/>
								<line number="152" hits="0" branch="false"/>
							</lines>
						</method>
						<method name="getContextPath" signature="()Ljava/lang/String;" line-rate="0.0" branch-rate="1.0">
							<lines>
								<line number="105" hits="0" branch="false"/>
							</lines>
						</method>
						<method name="getInteger" signature="(Ljavax/servlet/ServletConfig;Ljava/lang/String;Ljava/lang/Integer;)Ljava/lang/Integer;" line-rate="0.0" branch-rate="0.0">
							<lines>
								<line number="159" hits="0" branch="false"/>
								<line number="160" hits="0" branch="true" condition-coverage="0% (0/2)">
									<conditions>
										<condition number="0" type="jump" coverage="0%"/>
									</conditions>
								</line>
							</lines>
						</method>
						<method name="getString" signature="(Ljavax/servlet/ServletConfig;Ljava/lang/String;Ljava/lang/String;)Ljava/lang/String;" line-rate="0.0" branch-rate="0.0">
							<lines>
								<line number="166" hits="0" branch="false"/>
								<line number="167" hits="0" branch="true" condition-coverage="0% (0/2)">
									<conditions>
										<condition number="0" type="jump" coverage="0%"/>
									</conditions>
								</line>
							</lines>
						</method>
						<method name="load" signature="(Lnet/oneandone/sushi/fs/World;Ljavax/servlet/ServletConfig;Lnet/oneandone/sushi/fs/file/FileNode;)Lnet/oneandone/jasmin/main/Application;" line-rate="0.0" branch-rate="0.0">
							<lines>
								<line number="41" hits="0" branch="false"/>
								<line number="42" hits="0" branch="true" condition-coverage="0% (0/2)">
									<conditions>
										<condition number="0" type="jump" coverage="0%"/>
									</conditions>
								</line>
								<line number="43" hits="0" branch="false"/>
								<line number="45" hits="0" branch="true" condition-coverage="0% (0/2)">
									<conditions>
										<condition number="0" type="jump" coverage="0%"/>
									</conditions>
								</line>
								<line number="46" hits="0" branch="false"/>
								<line number="47" hits="0" branch="false"/>
								<line number="48" hits="0" branch="false"/>
								<line number="49" hits="0" branch="false"/>
								<line number="50" hits="0" branch="false"/>
							</lines>
						</method>
					</methods>
					<lines>
						<line number="33" hits="0" branch="false"/>
						<line number="41" hits="0" branch="false"/>
						<line number="42" hits="0" branch="true" condition-coverage="0% (0/2)">
							<conditions>
								<condition number="0" type="jump" coverage="0%"/>
							</conditions>
						</line>
						<line number="43" hits="0" branch="false"/>
						<line number="45" hits="0" branch="true" condition-coverage="0% (0/2)">
							<conditions>
								<condition number="0" type="jump" coverage="0%"/>
							</conditions>
						</line>
						<line number="46" hits="0" branch="false"/>
						<line number="47" hits="0" branch="false"/>
						<line number="48" hits="0" branch="false"/>
						<line number="49" hits="0" branch="false"/>
						<line number="50" hits="0" branch="false"/>
						<line number="54" hits="0" branch="true" condition-coverage="0% (0/2)">
							<conditions>
								<condition number="0" type="jump" coverage="0%"/>
							</conditions>
						</line>
						<line number="55" hits="0" branch="false"/>
						<line number="57" hits="0" branch="false"/>
						<line number="65" hits="0" branch="false"/>
						<line number="66" hits="0" branch="true" condition-coverage="0% (0/2)">
							<conditions>
								<condition number="0" type="jump" coverage="0%"/>
							</conditions>
						</line>
						<line number="67" hits="0" branch="false"/>
						<line number="69" hits="0" branch="false"/>
						<line number="70" hits="0" branch="true" condition-coverage="0% (0/2)">
							<conditions>
								<condition number="0" type="jump" coverage="0%"/>
							</conditions>
						</line>
						<line number="71" hits="0" branch="false"/>
						<line number="73" hits="0" branch="false"/>
						<line number="74" hits="0" branch="true" condition-coverage="0% (0/2)">
							<conditions>
								<condition number="0" type="jump" coverage="0%"/>
							</conditions>
						</line>
						<line number="75" hits="0" branch="false"/>
						<line number="77" hits="0" branch="false"/>
						<line number="97" hits="4" branch="false"/>
						<line number="98" hits="4" branch="false"/>
						<line number="99" hits="4" branch="false"/>
						<line number="100" hits="4" branch="false"/>
						<line number="101" hits="4" branch="false"/>
						<line number="102" hits="4" branch="false"/>
						<line number="105" hits="0" branch="false"/>
						<line number="109" hits="4" branch="false"/>
						<line number="117" hits="4" branch="false"/>
						<line number="118" hits="4" branch="false"/>
						<line number="120" hits="4" branch="false"/>
						<line number="126" hits="4" branch="false"/>
						<line number="127" hits="4" branch="true" condition-coverage="50% (1/2)">
							<conditions>
								<condition number="0" type="jump" coverage="50%"/>
							</conditions>
						</line>
						<line number="128" hits="0" branch="false"/>
						<line number="130" hits="4" branch="false"/>
						<line number="131" hits="4" branch="false"/>
						<line number="132" hits="0" branch="false"/>
						<line number="133" hits="0" branch="false"/>
						<line number="134" hits="0" branch="false"/>
						<line number="143" hits="0" branch="false"/>
						<line number="144" hits="0" branch="true" condition-coverage="0% (0/2)">
							<conditions>
								<condition number="0" type="jump" coverage="0%"/>
							</conditions>
						</line>
						<line number="145" hits="0" branch="false"/>
						<line number="147" hits="0" branch="true" condition-coverage="0% (0/2)">
							<conditions>
								<condition number="0" type="jump" coverage="0%"/>
							</conditions>
						</line>
						<line number="148" hits="0" branch="false"/>
						<line number="149" hits="0" branch="true" condition-coverage="0% (0/2)">
							<conditions>
								<condition number="0" type="jump" coverage="0%"/>
							</conditions>
						</line>
						<line number="150" hits="0" branch="false"/>
						<line number="152" hits="0" branch="false"/>
						<line number="159" hits="0" branch="false"/>
						<line number="160" hits="0" branch="true" condition-coverage="0% (0/2)">
							<conditions>
								<condition number="0" type="jump" coverage="0%"/>
							</conditions>
						</line>
						<line number="166" hits="0" branch="false"/>
						<line number="167" hits="0" branch="true" condition-coverage="0% (0/2)">
							<conditions>
								<condition number="0" type="jump" coverage="0%"/>
							</conditions>
						</line>
					</lines>
				</class>
				<class name="net.oneandone.jasmin.main.Application$1" filename="net/oneandone/jasmin/main/Application.java" line-rate="0.5" branch-rate="1.0" complexity="2.909090909090909">
					<methods>
						<method name="&lt;init&gt;" signature="(Lnet/oneandone/jasmin/main/Application;)V" line-rate="1.0" branch-rate="1.0">
							<lines>
								<line number="120" hits="4" branch="false"/>
							</lines>
						</method>
						<method name="get" signature="(Ljava/lang/String;)Ljava/lang/Object;" line-rate="0.0" branch-rate="1.0">
							<lines>
								<line number="123" hits="0" branch="false"/>
							</lines>
						</method>
					</methods>
					<lines>
						<line number="120" hits="4" branch="false"/>
						<line number="123" hits="0" branch="false"/>
					</lines>
				</class>
				<class name="net.oneandone.jasmin.main.Client" filename="net/oneandone/jasmin/main/Client.java" line-rate="0.8181818181818182" branch-rate="0.9" complexity="2.8">
					<methods>
						<method name="&lt;init&gt;" signature="(Lnet/oneandone/jasmin/model/Engine;Ljava/util/List;IZZ)V" line-rate="1.0" branch-rate="1.0">
							<lines>
								<line number="35" hits="16" branch="false"/>
								<line number="36" hits="16" branch="false"/>
								<line number="37" hits="16" branch="false"/>
								<line number="38" hits="16" branch="false"/>
								<line number="39" hits="16" branch="false"/>
								<line number="40" hits="16" branch="false"/>
								<line number="41" hits="16" branch="false"/>
								<line number="42" hits="16" branch="false"/>
							</lines>
						</method>
						<method name="doRun" signature="()V" line-rate="1.0" branch-rate="1.0">
							<lines>
								<line number="55" hits="140210" branch="true" condition-coverage="100% (2/2)">
									<conditions>
										<condition number="0" type="jump" coverage="100%"/>
									</conditions>
								</line>
								<line number="56" hits="140194" branch="true" condition-coverage="100% (2/2)">
									<conditions>
										<condition number="0" type="jump" coverage="100%"/>
									</conditions>
								</line>
								<line number="57" hits="140000" branch="false"/>
								<line number="59" hits="194" branch="false"/>
								<line number="61" hits="140194" branch="true" condition-coverage="100% (4/4)">
									<conditions>
										<condition number="0" type="jump" coverage="100%"/>
										<condition number="1" type="jump" coverage="100%"/>
									</conditions>
								</line>
								<line number="62" hits="70074" branch="false"/>
								<line number="64" hits="70120" branch="false"/>
								<line number="67" hits="16" branch="false"/>
							</lines>
						</method>
						<method name="finish" signature="()V" line-rate="0.75" branch-rate="0.5">
							<lines>
								<line number="84" hits="16" branch="false"/>
								<line number="85" hits="16" branch="true" condition-coverage="50% (1/2)">
									<conditions>
										<condition number="0" type="jump" coverage="50%"/>
									</conditions>
								</line>
								<line number="86" hits="0" branch="false"/>
								<line number="88" hits="16" branch="false"/>
							</lines>
						</method>
						<method name="get" signature="(Ljava/lang/String;)V" line-rate="0.625" branch-rate="1.0">
							<lines>
								<line number="73" hits="70120" branch="false"/>
								<line number="75" hits="70120" branch="false"/>
								<line number="76" hits="70120" branch="false"/>
								<line number="77" hits="0" branch="false"/>
								<line number="78" hits="0" branch="false"/>
								<line number="79" hits="0" branch="false"/>
								<line number="80" hits="70120" branch="false"/>
								<line number="81" hits="70120" branch="false"/>
							</lines>
						</method>
						<method name="run" signature="()V" line-rate="0.6" branch-rate="1.0">
							<lines>
								<line number="47" hits="16" branch="false"/>
								<line number="48" hits="0" branch="false"/>
								<line number="49" hits="0" branch="false"/>
								<line number="50" hits="16" branch="false"/>
								<line number="51" hits="16" branch="false"/>
							</lines>
						</method>
					</methods>
					<lines>
						<line number="35" hits="16" branch="false"/>
						<line number="36" hits="16" branch="false"/>
						<line number="37" hits="16" branch="false"/>
						<line number="38" hits="16" branch="false"/>
						<line number="39" hits="16" branch="false"/>
						<line number="40" hits="16" branch="false"/>
						<line number="41" hits="16" branch="false"/>
						<line number="42" hits="16" branch="false"/>
						<line number="47" hits="16" branch="false"/>
						<line number="48" hits="0" branch="false"/>
						<line number="49" hits="0" branch="false"/>
						<line number="50" hits="16" branch="false"/>
						<line number="51" hits="16" branch="false"/>
						<line number="55" hits="140210" branch="true" condition-coverage="100% (2/2)">
							<conditions>
								<condition number="0" type="jump" coverage="100%"/>
							</conditions>
						</line>
						<line number="56" hits="140194" branch="true" condition-coverage="100% (2/2)">
							<conditions>
								<condition number="0" type="jump" coverage="100%"/>
							</conditions>
						</line>
						<line number="57" hits="140000" branch="false"/>
						<line number="59" hits="194" branch="false"/>
						<line number="61" hits="140194" branch="true" condition-coverage="100% (4/4)">
							<conditions>
								<condition number="0" type="jump" coverage="100%"/>
								<condition number="1" type="jump" coverage="100%"/>
							</conditions>
						</line>
						<line number="62" hits="70074" branch="false"/>
						<line number="64" hits="70120" branch="false"/>
						<line number="67" hits="16" branch="false"/>
						<line number="73" hits="70120" branch="false"/>
						<line number="75" hits="70120" branch="false"/>
						<line number="76" hits="70120" branch="false"/>
						<line number="77" hits="0" branch="false"/>
						<line number="78" hits="0" branch="false"/>
						<line number="79" hits="0" branch="false"/>
						<line number="80" hits="70120" branch="false"/>
						<line number="81" hits="70120" branch="false"/>
						<line number="84" hits="16" branch="false"/>
						<line number="85" hits="16" branch="true" condition-coverage="50% (1/2)">
							<conditions>
								<condition number="0" type="jump" coverage="50%"/>
							</conditions>
						</line>
						<line number="86" hits="0" branch="false"/>
						<line number="88" hits="16" branch="false"/>
					</lines>
				</class>
				<class name="net.oneandone.jasmin.main.FileCheck" filename="net/oneandone/jasmin/main/FileCheck.java" line-rate="0.4431818181818182" branch-rate="0.3888888888888889" complexity="0.0">
					<methods>
						<method name="&lt;clinit&gt;" signature="()V" line-rate="1.0" branch-rate="1.0">
							<lines>
								<line number="41" hits="1" branch="false"/>
							</lines>
						</method>
						<method name="&lt;init&gt;" signature="()V" line-rate="1.0" branch-rate="1.0">
							<lines>
								<line number="83" hits="1" branch="false"/>
								<line number="84" hits="1" branch="false"/>
							</lines>
						</method>
						<method name="&lt;init&gt;" signature="(Ljava/util/Map;)V" line-rate="1.0" branch-rate="1.0">
							<lines>
								<line number="86" hits="2" branch="false"/>
								<line number="87" hits="2" branch="false"/>
								<line number="88" hits="2" branch="false"/>
							</lines>
						</method>
						<method name="add" signature="(Lnet/oneandone/sushi/fs/Node;)V" line-rate="1.0" branch-rate="1.0">
							<lines>
								<line number="117" hits="14" branch="true" condition-coverage="100% (2/2)">
									<conditions>
										<condition number="0" type="jump" coverage="100%"/>
									</conditions>
								</line>
								<line number="118" hits="12" branch="false"/>
								<line number="120" hits="14" branch="false"/>
							</lines>
						</method>
						<method name="add" signature="(Lnet/oneandone/sushi/fs/Node;Ljava/lang/Exception;)V" line-rate="0.0" branch-rate="1.0">
							<lines>
								<line number="123" hits="0" branch="false"/>
								<line number="124" hits="0" branch="false"/>
							</lines>
						</method>
						<method name="exceptions" signature="()Lnet/oneandone/jasmin/main/FileCheck;" line-rate="0.8333333333333334" branch-rate="0.75">
							<lines>
								<line number="93" hits="1" branch="false"/>
								<line number="94" hits="1" branch="true" condition-coverage="100% (2/2)">
									<conditions>
										<condition number="0" type="jump" coverage="100%"/>
									</conditions>
								</line>
								<line number="95" hits="12" branch="true" condition-coverage="50% (1/2)">
									<conditions>
										<condition number="0" type="jump" coverage="50%"/>
									</conditions>
								</line>
								<line number="96" hits="0" branch="false"/>
								<line number="98" hits="12" branch="false"/>
								<line number="99" hits="1" branch="false"/>
							</lines>
						</method>
						<method name="getWepappDir" signature="(Lnet/oneandone/sushi/fs/file/FileNode;)Lnet/oneandone/sushi/fs/file/FileNode;" line-rate="0.0" branch-rate="0.0">
							<lines>
								<line number="72" hits="0" branch="true" condition-coverage="0% (0/2)">
									<conditions>
										<condition number="0" type="jump" coverage="0%"/>
									</conditions>
								</line>
								<line number="73" hits="0" branch="true" condition-coverage="0% (0/2)">
									<conditions>
										<condition number="0" type="jump" coverage="0%"/>
									</conditions>
								</line>
								<line number="74" hits="0" branch="false"/>
								<line number="76" hits="0" branch="false"/>
								<line number="77" hits="0" branch="false"/>
							</lines>
						</method>
						<method name="main" signature="([Ljava/lang/String;)V" line-rate="0.0" branch-rate="0.0">
							<lines>
								<line number="48" hits="0" branch="false"/>
								<line number="49" hits="0" branch="false"/>
								<line number="50" hits="0" branch="false"/>
								<line number="51" hits="0" branch="false"/>
								<line number="52" hits="0" branch="false"/>
								<line number="54" hits="0" branch="false"/>
								<line number="55" hits="0" branch="true" condition-coverage="0% (0/2)">
									<conditions>
										<condition number="0" type="jump" coverage="0%"/>
									</conditions>
								</line>
								<line number="56" hits="0" branch="false"/>
								<line number="58" hits="0" branch="false"/>
								<line number="59" hits="0" branch="false"/>
								<line number="60" hits="0" branch="false"/>
								<line number="61" hits="0" branch="false"/>
								<line number="62" hits="0" branch="true" condition-coverage="0% (0/2)">
									<conditions>
										<condition number="0" type="jump" coverage="0%"/>
									</conditions>
								</line>
								<line number="63" hits="0" branch="false"/>
								<line number="64" hits="0" branch="false"/>
								<line number="65" hits="0" branch="false"/>
								<line number="67" hits="0" branch="false"/>
								<line number="69" hits="0" branch="false"/>
							</lines>
						</method>
						<method name="minimize" signature="(ZLnet/oneandone/jasmin/model/Repository;Lnet/oneandone/sushi/fs/World;)V" line-rate="0.8947368421052632" branch-rate="0.6666666666666666">
							<lines>
								<line number="168" hits="1" branch="true" condition-coverage="100% (2/2)">
									<conditions>
										<condition number="0" type="jump" coverage="100%"/>
									</conditions>
								</line>
								<line number="169" hits="8" branch="true" condition-coverage="100% (2/2)">
									<conditions>
										<condition number="0" type="jump" coverage="100%"/>
									</conditions>
								</line>
								<line number="170" hits="14" branch="false"/>
								<line number="171" hits="14" branch="true" condition-coverage="50% (2/4)">
									<conditions>
										<condition number="0" type="jump" coverage="50%"/>
										<condition number="1" type="jump" coverage="50%"/>
									</conditions>
								</line>
								<line number="172" hits="14" branch="false"/>
								<line number="174" hits="14" branch="false"/>
								<line number="175" hits="14" branch="false"/>
								<line number="176" hits="14" branch="false"/>
								<line number="177" hits="14" branch="false"/>
								<line number="178" hits="14" branch="false"/>
								<line number="179" hits="14" branch="true" condition-coverage="50% (2/4)">
									<conditions>
										<condition number="0" type="jump" coverage="50%"/>
										<condition number="1" type="jump" coverage="50%"/>
									</conditions>
								</line>
								<line number="180" hits="14" branch="false"/>
								<line number="181" hits="14" branch="false"/>
								<line number="182" hits="0" branch="false"/>
								<line number="183" hits="0" branch="false"/>
								<line number="184" hits="14" branch="false"/>
								<line number="186" hits="14" branch="false"/>
								<line number="187" hits="8" branch="false"/>
								<line number="188" hits="1" branch="false"/>
							</lines>
						</method>
						<method name="minimizeApplication" signature="(Lnet/oneandone/sushi/fs/file/FileNode;)V" line-rate="0.0" branch-rate="0.0">
							<lines>
								<line number="143" hits="0" branch="false"/>
								<line number="144" hits="0" branch="false"/>
								<line number="145" hits="0" branch="false"/>
								<line number="146" hits="0" branch="false"/>
								<line number="147" hits="0" branch="false"/>
								<line number="148" hits="0" branch="false"/>
								<line number="149" hits="0" branch="false"/>
								<line number="150" hits="0" branch="true" condition-coverage="0% (0/2)">
									<conditions>
										<condition number="0" type="jump" coverage="0%"/>
									</conditions>
								</line>
								<line number="151" hits="0" branch="false"/>
								<line number="152" hits="0" branch="true" condition-coverage="0% (0/2)">
									<conditions>
										<condition number="0" type="jump" coverage="0%"/>
									</conditions>
								</line>
								<line number="153" hits="0" branch="false"/>
								<line number="156" hits="0" branch="true" condition-coverage="0% (0/2)">
									<conditions>
										<condition number="0" type="jump" coverage="0%"/>
									</conditions>
								</line>
								<line number="157" hits="0" branch="false"/>
								<line number="159" hits="0" branch="false"/>
								<line number="160" hits="0" branch="false"/>
								<line number="161" hits="0" branch="false"/>
							</lines>
						</method>
						<method name="minimizeClasspath" signature="()V" line-rate="1.0" branch-rate="1.0">
							<lines>
								<line number="132" hits="1" branch="false"/>
								<line number="133" hits="1" branch="false"/>
								<line number="134" hits="1" branch="false"/>
								<line number="135" hits="1" branch="false"/>
							</lines>
						</method>
						<method name="size" signature="()I" line-rate="1.0" branch-rate="1.0">
							<lines>
								<line number="191" hits="2" branch="false"/>
							</lines>
						</method>
						<method name="toString" signature="()Ljava/lang/String;" line-rate="0.375" branch-rate="0.25">
							<lines>
								<line number="106" hits="1" branch="false"/>
								<line number="107" hits="1" branch="true" condition-coverage="50% (1/2)">
									<conditions>
										<condition number="0" type="jump" coverage="50%"/>
									</conditions>
								</line>
								<line number="108" hits="0" branch="false"/>
								<line number="109" hits="0" branch="true" condition-coverage="0% (0/2)">
									<conditions>
										<condition number="0" type="jump" coverage="0%"/>
									</conditions>
								</line>
								<line number="110" hits="0" branch="false"/>
								<line number="111" hits="0" branch="false"/>
								<line number="112" hits="0" branch="false"/>
								<line number="113" hits="1" branch="false"/>
							</lines>
						</method>
					</methods>
					<lines>
						<line number="41" hits="1" branch="false"/>
						<line number="48" hits="0" branch="false"/>
						<line number="49" hits="0" branch="false"/>
						<line number="50" hits="0" branch="false"/>
						<line number="51" hits="0" branch="false"/>
						<line number="52" hits="0" branch="false"/>
						<line number="54" hits="0" branch="false"/>
						<line number="55" hits="0" branch="true" condition-coverage="0% (0/2)">
							<conditions>
								<condition number="0" type="jump" coverage="0%"/>
							</conditions>
						</line>
						<line number="56" hits="0" branch="false"/>
						<line number="58" hits="0" branch="false"/>
						<line number="59" hits="0" branch="false"/>
						<line number="60" hits="0" branch="false"/>
						<line number="61" hits="0" branch="false"/>
						<line number="62" hits="0" branch="true" condition-coverage="0% (0/2)">
							<conditions>
								<condition number="0" type="jump" coverage="0%"/>
							</conditions>
						</line>
						<line number="63" hits="0" branch="false"/>
						<line number="64" hits="0" branch="false"/>
						<line number="65" hits="0" branch="false"/>
						<line number="67" hits="0" branch="false"/>
						<line number="69" hits="0" branch="false"/>
						<line number="72" hits="0" branch="true" condition-coverage="0% (0/2)">
							<conditions>
								<condition number="0" type="jump" coverage="0%"/>
							</conditions>
						</line>
						<line number="73" hits="0" branch="true" condition-coverage="0% (0/2)">
							<conditions>
								<condition number="0" type="jump" coverage="0%"/>
							</conditions>
						</line>
						<line number="74" hits="0" branch="false"/>
						<line number="76" hits="0" branch="false"/>
						<line number="77" hits="0" branch="false"/>
						<line number="83" hits="1" branch="false"/>
						<line number="84" hits="1" branch="false"/>
						<line number="86" hits="2" branch="false"/>
						<line number="87" hits="2" branch="false"/>
						<line number="88" hits="2" branch="false"/>
						<line number="93" hits="1" branch="false"/>
						<line number="94" hits="1" branch="true" condition-coverage="100% (2/2)">
							<conditions>
								<condition number="0" type="jump" coverage="100%"/>
							</conditions>
						</line>
						<line number="95" hits="12" branch="true" condition-coverage="50% (1/2)">
							<conditions>
								<condition number="0" type="jump" coverage="50%"/>
							</conditions>
						</line>
						<line number="96" hits="0" branch="false"/>
						<line number="98" hits="12" branch="false"/>
						<line number="99" hits="1" branch="false"/>
						<line number="106" hits="1" branch="false"/>
						<line number="107" hits="1" branch="true" condition-coverage="50% (1/2)">
							<conditions>
								<condition number="0" type="jump" coverage="50%"/>
							</conditions>
						</line>
						<line number="108" hits="0" branch="false"/>
						<line number="109" hits="0" branch="true" condition-coverage="0% (0/2)">
							<conditions>
								<condition number="0" type="jump" coverage="0%"/>
							</conditions>
						</line>
						<line number="110" hits="0" branch="false"/>
						<line number="111" hits="0" branch="false"/>
						<line number="112" hits="0" branch="false"/>
						<line number="113" hits="1" branch="false"/>
						<line number="117" hits="14" branch="true" condition-coverage="100% (2/2)">
							<conditions>
								<condition number="0" type="jump" coverage="100%"/>
							</conditions>
						</line>
						<line number="118" hits="12" branch="false"/>
						<line number="120" hits="14" branch="false"/>
						<line number="123" hits="0" branch="false"/>
						<line number="124" hits="0" branch="false"/>
						<line number="132" hits="1" branch="false"/>
						<line number="133" hits="1" branch="false"/>
						<line number="134" hits="1" branch="false"/>
						<line number="135" hits="1" branch="false"/>
						<line number="143" hits="0" branch="false"/>
						<line number="144" hits="0" branch="false"/>
						<line number="145" hits="0" branch="false"/>
						<line number="146" hits="0" branch="false"/>
						<line number="147" hits="0" branch="false"/>
						<line number="148" hits="0" branch="false"/>
						<line number="149" hits="0" branch="false"/>
						<line number="150" hits="0" branch="true" condition-coverage="0% (0/2)">
							<conditions>
								<condition number="0" type="jump" coverage="0%"/>
							</conditions>
						</line>
						<line number="151" hits="0" branch="false"/>
						<line number="152" hits="0" branch="true" condition-coverage="0% (0/2)">
							<conditions>
								<condition number="0" type="jump" coverage="0%"/>
							</conditions>
						</line>
						<line number="153" hits="0" branch="false"/>
						<line number="156" hits="0" branch="true" condition-coverage="0% (0/2)">
							<conditions>
								<condition number="0" type="jump" coverage="0%"/>
							</conditions>
						</line>
						<line number="157" hits="0" branch="false"/>
						<line number="159" hits="0" branch="false"/>
						<line number="160" hits="0" branch="false"/>
						<line number="161" hits="0" branch="false"/>
						<line number="168" hits="1" branch="true" condition-coverage="100% (2/2)">
							<conditions>
								<condition number="0" type="jump" coverage="100%"/>
							</conditions>
						</line>
						<line number="169" hits="8" branch="true" condition-coverage="100% (2/2)">
							<conditions>
								<condition number="0" type="jump" coverage="100%"/>
							</conditions>
						</line>
						<line number="170" hits="14" branch="false"/>
						<line number="171" hits="14" branch="true" condition-coverage="50% (2/4)">
							<conditions>
								<condition number="0" type="jump" coverage="50%"/>
								<condition number="1" type="jump" coverage="50%"/>
							</conditions>
						</line>
						<line number="172" hits="14" branch="false"/>
						<line number="174" hits="14" branch="false"/>
						<line number="175" hits="14" branch="false"/>
						<line number="176" hits="14" branch="false"/>
						<line number="177" hits="14" branch="false"/>
						<line number="178" hits="14" branch="false"/>
						<line number="179" hits="14" branch="true" condition-coverage="50% (2/4)">
							<conditions>
								<condition number="0" type="jump" coverage="50%"/>
								<condition number="1" type="jump" coverage="50%"/>
							</conditions>
						</line>
						<line number="180" hits="14" branch="false"/>
						<line number="181" hits="14" branch="false"/>
						<line number="182" hits="0" branch="false"/>
						<line number="183" hits="0" branch="false"/>
						<line number="184" hits="14" branch="false"/>
						<line number="186" hits="14" branch="false"/>
						<line number="187" hits="8" branch="false"/>
						<line number="188" hits="1" branch="false"/>
						<line number="191" hits="2" branch="false"/>
					</lines>
				</class>
				<class name="net.oneandone.jasmin.main.Runner" filename="net/oneandone/jasmin/main/Runner.java" line-rate="0.7976190476190477" branch-rate="0.625" complexity="1.9333333333333333">
					<methods>
						<method name="&lt;clinit&gt;" signature="()V" line-rate="1.0" branch-rate="1.0">
							<lines>
								<line number="34" hits="1" branch="false"/>
								<line number="35" hits="1" branch="false"/>
							</lines>
						</method>
						<method name="&lt;init&gt;" signature="(Ljava/lang/String;Lnet/oneandone/jasmin/model/Engine;)V" line-rate="1.0" branch-rate="1.0">
							<lines>
								<line number="56" hits="4" branch="false"/>
								<line number="57" hits="4" branch="false"/>
								<line number="58" hits="4" branch="false"/>
								<line number="59" hits="4" branch="false"/>
								<line number="60" hits="4" branch="false"/>
							</lines>
						</method>
						<method name="add" signature="(Lnet/oneandone/sushi/fs/Node;Ljava/lang/String;I)Lnet/oneandone/jasmin/main/Runner;" line-rate="0.0" branch-rate="0.0">
							<lines>
								<line number="67" hits="0" branch="true" condition-coverage="0% (0/2)">
									<conditions>
										<condition number="0" type="jump" coverage="0%"/>
									</conditions>
								</line>
								<line number="68" hits="0" branch="false"/>
								<line number="69" hits="0" branch="false"/>
								<line number="70" hits="0" branch="true" condition-coverage="0% (0/2)">
									<conditions>
										<condition number="0" type="jump" coverage="0%"/>
									</conditions>
								</line>
								<line number="71" hits="0" branch="false"/>
								<line number="72" hits="0" branch="false"/>
								<line number="73" hits="0" branch="false"/>
								<line number="74" hits="0" branch="true" condition-coverage="0% (0/2)">
									<conditions>
										<condition number="0" type="jump" coverage="0%"/>
									</conditions>
								</line>
								<line number="75" hits="0" branch="false"/>
								<line number="78" hits="0" branch="false"/>
								<line number="79" hits="0" branch="false"/>
							</lines>
						</method>
						<method name="add" signature="([Ljava/lang/String;)Lnet/oneandone/jasmin/main/Runner;" line-rate="1.0" branch-rate="1.0">
							<lines>
								<line number="105" hits="577" branch="false"/>
								<line number="106" hits="577" branch="false"/>
							</lines>
						</method>
						<method name="addAll" signature="()Lnet/oneandone/jasmin/main/Runner;" line-rate="1.0" branch-rate="1.0">
							<lines>
								<line number="86" hits="3" branch="false"/>
								<line number="87" hits="3" branch="false"/>
								<line number="88" hits="3" branch="true" condition-coverage="100% (2/2)">
									<conditions>
										<condition number="0" type="jump" coverage="100%"/>
									</conditions>
								</line>
								<line number="89" hits="24" branch="false"/>
								<line number="90" hits="24" branch="true" condition-coverage="100% (2/2)">
									<conditions>
										<condition number="0" type="jump" coverage="100%"/>
									</conditions>
								</line>
								<line number="91" hits="120" branch="false"/>
								<line number="92" hits="120" branch="false"/>
								<line number="93" hits="24" branch="false"/>
								<line number="94" hits="3" branch="false"/>
							</lines>
						</method>
						<method name="addTypes" signature="(Lnet/oneandone/jasmin/model/Module;Ljava/lang/String;)V" line-rate="1.0" branch-rate="1.0">
							<lines>
								<line number="98" hits="144" branch="false"/>
								<line number="99" hits="144" branch="false"/>
								<line number="100" hits="144" branch="false"/>
								<line number="101" hits="144" branch="false"/>
								<line number="102" hits="144" branch="false"/>
							</lines>
						</method>
						<method name="create" signature="(Ljava/lang/String;Lnet/oneandone/sushi/fs/World;)Lnet/oneandone/jasmin/main/Runner;" line-rate="1.0" branch-rate="1.0">
							<lines>
								<line number="43" hits="4" branch="false"/>
								<line number="44" hits="4" branch="false"/>
								<line number="45" hits="4" branch="false"/>
								<line number="46" hits="4" branch="false"/>
								<line number="47" hits="4" branch="false"/>
							</lines>
						</method>
						<method name="doRunGC" signature="()V" line-rate="0.8333333333333334" branch-rate="0.75">
							<lines>
								<line number="177" hits="32" branch="false"/>
								<line number="178" hits="32" branch="false"/>
								<line number="179" hits="75" branch="true" condition-coverage="75% (3/4)">
									<conditions>
										<condition number="0" type="jump" coverage="100%"/>
										<condition number="1" type="jump" coverage="50%"/>
									</conditions>
								</line>
								<line number="180" hits="43" branch="false"/>
								<line number="181" hits="43" branch="false"/>
								<line number="183" hits="43" branch="false"/>
								<line number="184" hits="0" branch="false"/>
								<line number="185" hits="0" branch="false"/>
								<line number="186" hits="43" branch="false"/>
								<line number="187" hits="43" branch="false"/>
								<line number="188" hits="43" branch="false"/>
								<line number="190" hits="32" branch="false"/>
							</lines>
						</method>
						<method name="getEngine" signature="()Lnet/oneandone/jasmin/model/Engine;" line-rate="0.0" branch-rate="1.0">
							<lines>
								<line number="111" hits="0" branch="false"/>
							</lines>
						</method>
						<method name="invoke" signature="()V" line-rate="1.0" branch-rate="1.0">
							<lines>
								<line number="117" hits="2" branch="false"/>
								<line number="118" hits="2" branch="false"/>
							</lines>
						</method>
						<method name="invoke" signature="(II)V" line-rate="0.0" branch-rate="1.0">
							<lines>
								<line number="121" hits="0" branch="false"/>
								<line number="122" hits="0" branch="false"/>
							</lines>
						</method>
						<method name="invoke" signature="(IIZZZ)V" line-rate="1.0" branch-rate="0.75">
							<lines>
								<line number="129" hits="4" branch="true" condition-coverage="50% (1/2)">
									<conditions>
										<condition number="0" type="jump" coverage="50%"/>
									</conditions>
								</line>
								<line number="130" hits="4" branch="false"/>
								<line number="133" hits="4" branch="false"/>
								<line number="134" hits="4" branch="false"/>
								<line number="135" hits="20" branch="true" condition-coverage="100% (2/2)">
									<conditions>
										<condition number="0" type="jump" coverage="100%"/>
									</conditions>
								</line>
								<line number="136" hits="16" branch="false"/>
								<line number="137" hits="16" branch="false"/>
								<line number="139" hits="20" branch="true" condition-coverage="100% (2/2)">
									<conditions>
										<condition number="0" type="jump" coverage="100%"/>
									</conditions>
								</line>
								<line number="140" hits="16" branch="false"/>
								<line number="142" hits="4" branch="true" condition-coverage="50% (1/2)">
									<conditions>
										<condition number="0" type="jump" coverage="50%"/>
									</conditions>
								</line>
								<line number="143" hits="4" branch="false"/>
								<line number="145" hits="4" branch="false"/>
							</lines>
						</method>
						<method name="pathCount" signature="()I" line-rate="0.0" branch-rate="1.0">
							<lines>
								<line number="63" hits="0" branch="false"/>
							</lines>
						</method>
						<method name="runGC" signature="()V" line-rate="1.0" branch-rate="1.0">
							<lines>
								<line number="168" hits="40" branch="true" condition-coverage="100% (2/2)">
									<conditions>
										<condition number="0" type="jump" coverage="100%"/>
									</conditions>
								</line>
								<line number="169" hits="32" branch="false"/>
								<line number="171" hits="8" branch="false"/>
							</lines>
						</method>
						<method name="stats" signature="(J)V" line-rate="1.0" branch-rate="1.0">
							<lines>
								<line number="152" hits="4" branch="false"/>
								<line number="153" hits="4" branch="false"/>
								<line number="154" hits="4" branch="false"/>
								<line number="156" hits="4" branch="false"/>
								<line number="157" hits="4" branch="false"/>
								<line number="158" hits="4" branch="false"/>
								<line number="159" hits="4" branch="false"/>
								<line number="160" hits="4" branch="false"/>
								<line number="161" hits="4" branch="false"/>
								<line number="162" hits="4" branch="false"/>
								<line number="163" hits="4" branch="false"/>
							</lines>
						</method>
						<method name="usedMemory" signature="()J" line-rate="1.0" branch-rate="1.0">
							<lines>
								<line number="193" hits="87" branch="false"/>
							</lines>
						</method>
					</methods>
					<lines>
						<line number="34" hits="1" branch="false"/>
						<line number="35" hits="1" branch="false"/>
						<line number="43" hits="4" branch="false"/>
						<line number="44" hits="4" branch="false"/>
						<line number="45" hits="4" branch="false"/>
						<line number="46" hits="4" branch="false"/>
						<line number="47" hits="4" branch="false"/>
						<line number="56" hits="4" branch="false"/>
						<line number="57" hits="4" branch="false"/>
						<line number="58" hits="4" branch="false"/>
						<line number="59" hits="4" branch="false"/>
						<line number="60" hits="4" branch="false"/>
						<line number="63" hits="0" branch="false"/>
						<line number="67" hits="0" branch="true" condition-coverage="0% (0/2)">
							<conditions>
								<condition number="0" type="jump" coverage="0%"/>
							</conditions>
						</line>
						<line number="68" hits="0" branch="false"/>
						<line number="69" hits="0" branch="false"/>
						<line number="70" hits="0" branch="true" condition-coverage="0% (0/2)">
							<conditions>
								<condition number="0" type="jump" coverage="0%"/>
							</conditions>
						</line>
						<line number="71" hits="0" branch="false"/>
						<line number="72" hits="0" branch="false"/>
						<line number="73" hits="0" branch="false"/>
						<line number="74" hits="0" branch="true" condition-coverage="0% (0/2)">
							<conditions>
								<condition number="0" type="jump" coverage="0%"/>
							</conditions>
						</line>
						<line number="75" hits="0" branch="false"/>
						<line number="78" hits="0" branch="false"/>
						<line number="79" hits="0" branch="false"/>
						<line number="86" hits="3" branch="false"/>
						<line number="87" hits="3" branch="false"/>
						<line number="88" hits="3" branch="true" condition-coverage="100% (2/2)">
							<conditions>
								<condition number="0" type="jump" coverage="100%"/>
							</conditions>
						</line>
						<line number="89" hits="24" branch="false"/>
						<line number="90" hits="24" branch="true" condition-coverage="100% (2/2)">
							<conditions>
								<condition number="0" type="jump" coverage="100%"/>
							</conditions>
						</line>
						<line number="91" hits="120" branch="false"/>
						<line number="92" hits="120" branch="false"/>
						<line number="93" hits="24" branch="false"/>
						<line number="94" hits="3" branch="false"/>
						<line number="98" hits="144" branch="false"/>
						<line number="99" hits="144" branch="false"/>
						<line number="100" hits="144" branch="false"/>
						<line number="101" hits="144" branch="false"/>
						<line number="102" hits="144" branch="false"/>
						<line number="105" hits="577" branch="false"/>
						<line number="106" hits="577" branch="false"/>
						<line number="111" hits="0" branch="false"/>
						<line number="117" hits="2" branch="false"/>
						<line number="118" hits="2" branch="false"/>
						<line number="121" hits="0" branch="false"/>
						<line number="122" hits="0" branch="false"/>
						<line number="129" hits="4" branch="true" condition-coverage="50% (1/2)">
							<conditions>
								<condition number="0" type="jump" coverage="50%"/>
							</conditions>
						</line>
						<line number="130" hits="4" branch="false"/>
						<line number="133" hits="4" branch="false"/>
						<line number="134" hits="4" branch="false"/>
						<line number="135" hits="20" branch="true" condition-coverage="100% (2/2)">
							<conditions>
								<condition number="0" type="jump" coverage="100%"/>
							</conditions>
						</line>
						<line number="136" hits="16" branch="false"/>
						<line number="137" hits="16" branch="false"/>
						<line number="139" hits="20" branch="true" condition-coverage="100% (2/2)">
							<conditions>
								<condition number="0" type="jump" coverage="100%"/>
							</conditions>
						</line>
						<line number="140" hits="16" branch="false"/>
						<line number="142" hits="4" branch="true" condition-coverage="50% (1/2)">
							<conditions>
								<condition number="0" type="jump" coverage="50%"/>
							</conditions>
						</line>
						<line number="143" hits="4" branch="false"/>
						<line number="145" hits="4" branch="false"/>
						<line number="152" hits="4" branch="false"/>
						<line number="153" hits="4" branch="false"/>
						<line number="154" hits="4" branch="false"/>
						<line number="156" hits="4" branch="false"/>
						<line number="157" hits="4" branch="false"/>
						<line number="158" hits="4" branch="false"/>
						<line number="159" hits="4" branch="false"/>
						<line number="160" hits="4" branch="false"/>
						<line number="161" hits="4" branch="false"/>
						<line number="162" hits="4" branch="false"/>
						<line number="163" hits="4" branch="false"/>
						<line number="168" hits="40" branch="true" condition-coverage="100% (2/2)">
							<conditions>
								<condition number="0" type="jump" coverage="100%"/>
							</conditions>
						</line>
						<line number="169" hits="32" branch="false"/>
						<line number="171" hits="8" branch="false"/>
						<line number="177" hits="32" branch="false"/>
						<line number="178" hits="32" branch="false"/>
						<line number="179" hits="75" branch="true" condition-coverage="75% (3/4)">
							<conditions>
								<condition number="0" type="jump" coverage="100%"/>
								<condition number="1" type="jump" coverage="50%"/>
							</conditions>
						</line>
						<line number="180" hits="43" branch="false"/>
						<line number="181" hits="43" branch="false"/>
						<line number="183" hits="43" branch="false"/>
						<line number="184" hits="0" branch="false"/>
						<line number="185" hits="0" branch="false"/>
						<line number="186" hits="43" branch="false"/>
						<line number="187" hits="43" branch="false"/>
						<line number="188" hits="43" branch="false"/>
						<line number="190" hits="32" branch="false"/>
						<line number="193" hits="87" branch="false"/>
					</lines>
				</class>
				<class name="net.oneandone.jasmin.main.Servlet" filename="net/oneandone/jasmin/main/Servlet.java" line-rate="0.1" branch-rate="0.13157894736842105" complexity="0.0">
					<methods>
						<method name="&lt;clinit&gt;" signature="()V" line-rate="1.0" branch-rate="1.0">
							<lines>
								<line number="56" hits="1" branch="false"/>
								<line number="58" hits="1" branch="false"/>
								<line number="393" hits="1" branch="false"/>
								<line number="651" hits="1" branch="false"/>
								<line number="652" hits="1" branch="false"/>
								<line number="653" hits="1" branch="false"/>
								<line number="654" hits="1" branch="false"/>
							</lines>
						</method>
						<method name="&lt;init&gt;" signature="()V" line-rate="0.0" branch-rate="1.0">
							<lines>
								<line number="80" hits="0" branch="false"/>
								<line number="82" hits="0" branch="false"/>
								<line number="83" hits="0" branch="false"/>
							</lines>
						</method>
						<method name="blacklisted" signature="(Ljava/lang/String;)Z" line-rate="1.0" branch-rate="1.0">
							<lines>
								<line number="398" hits="4" branch="false"/>
								<line number="399" hits="4" branch="true" condition-coverage="100% (4/4)">
									<conditions>
										<condition number="0" type="jump" coverage="100%"/>
										<condition number="1" type="jump" coverage="100%"/>
									</conditions>
								</line>
							</lines>
						</method>
						<method name="canGzip" signature="(Ljavax/servlet/http/HttpServletRequest;)Z" line-rate="0.0" branch-rate="0.0">
							<lines>
								<line number="373" hits="0" branch="false"/>
								<line number="374" hits="0" branch="true" condition-coverage="0% (0/2)">
									<conditions>
										<condition number="0" type="jump" coverage="0%"/>
									</conditions>
								</line>
								<line number="375" hits="0" branch="false"/>
								<line number="377" hits="0" branch="true" condition-coverage="0% (0/2)">
									<conditions>
[...]
									</conditions>
								</line>
								<line number="102" hits="0" branch="false"/>
								<line number="104" hits="0" branch="false"/>
							</lines>
						</method>
					</methods>
					<lines>
						<line number="34" hits="628" branch="false"/>
						<line number="35" hits="628" branch="true" condition-coverage="100% (2/2)">
							<conditions>
								<condition number="0" type="jump" coverage="100%"/>
							</conditions>
						</line>
						<line number="36" hits="1" branch="false"/>
						<line number="38" hits="627" branch="false"/>
						<line number="39" hits="627" branch="false"/>
						<line number="40" hits="627" branch="true" condition-coverage="100% (2/2)">
							<conditions>
								<condition number="0" type="jump" coverage="100%"/>
							</conditions>
						</line>
						<line number="41" hits="2" branch="false"/>
						<line number="42" hits="2" branch="false"/>
						<line number="44" hits="625" branch="false"/>
						<line number="45" hits="625" branch="false"/>
						<line number="46" hits="625" branch="true" condition-coverage="50% (1/2)">
							<conditions>
								<condition number="0" type="jump" coverage="50%"/>
							</conditions>
						</line>
						<line number="47" hits="0" branch="false"/>
						<line number="52" hits="627" branch="false"/>
						<line number="53" hits="622" branch="false"/>
						<line number="55" hits="622" branch="false"/>
						<line number="56" hits="621" branch="false"/>
						<line number="57" hits="1" branch="false"/>
						<line number="58" hits="1" branch="false"/>
						<line number="59" hits="621" branch="false"/>
						<line number="60" hits="5" branch="false"/>
						<line number="61" hits="626" branch="false"/>
						<line number="67" hits="1249" branch="false"/>
						<line number="68" hits="1249" branch="false"/>
						<line number="69" hits="1249" branch="true" condition-coverage="100% (2/2)">
							<conditions>
								<condition number="0" type="jump" coverage="100%"/>
							</conditions>
						</line>
						<line number="70" hits="314" branch="false"/>
						<line number="72" hits="1249" branch="false"/>
						<line number="80" hits="626" branch="false"/>
						<line number="81" hits="626" branch="false"/>
						<line number="82" hits="626" branch="false"/>
						<line number="83" hits="626" branch="false"/>
						<line number="84" hits="626" branch="false"/>
						<line number="85" hits="626" branch="false"/>
						<line number="89" hits="0" branch="false"/>
						<line number="96" hits="0" branch="false"/>
						<line number="97" hits="0" branch="false"/>
						<line number="98" hits="0" branch="false"/>
						<line number="99" hits="0" branch="false"/>
						<line number="100" hits="0" branch="false"/>
						<line number="101" hits="0" branch="true" condition-coverage="0% (0/2)">
							<conditions>
								<condition number="0" type="jump" coverage="0%"/>
							</conditions>
						</line>
						<line number="102" hits="0" branch="false"/>
						<line number="104" hits="0" branch="false"/>
					</lines>
				</class>
				<class name="net.oneandone.jasmin.model.Resolver" filename="net/oneandone/jasmin/model/Resolver.java" line-rate="0.45614035087719296" branch-rate="0.40625" complexity="0.0">
					<methods>
						<method name="&lt;init&gt;" signature="(Lnet/oneandone/sushi/fs/World;)V" line-rate="1.0" branch-rate="1.0">
							<lines>
								<line number="39" hits="13" branch="false"/>
								<line number="40" hits="13" branch="false"/>
							</lines>
						</method>
						<method name="&lt;init&gt;" signature="(Lnet/oneandone/sushi/fs/World;Z)V" line-rate="1.0" branch-rate="1.0">
							<lines>
								<line number="42" hits="23" branch="false"/>
								<line number="43" hits="23" branch="false"/>
								<line number="44" hits="23" branch="true" condition-coverage="100% (2/2)">
									<conditions>
										<condition number="0" type="jump" coverage="100%"/>
									</conditions>
								</line>
								<line number="45" hits="23" branch="false"/>
								<line number="46" hits="23" branch="false"/>
							</lines>
						</method>
						<method name="add" signature="(Lnet/oneandone/jasmin/descriptor/Base;Lnet/oneandone/sushi/fs/Node;)V" line-rate="0.6666666666666666" branch-rate="0.5">
							<lines>
								<line number="72" hits="14" branch="true" condition-coverage="50% (1/2)">
									<conditions>
										<condition number="0" type="jump" coverage="50%"/>
									</conditions>
								</line>
								<line number="73" hits="0" branch="false"/>
								<line number="75" hits="14" branch="false"/>
							</lines>
						</method>
						<method name="doResolve" signature="(Lnet/oneandone/sushi/fs/Node;Ljava/lang/String;)Lnet/oneandone/sushi/fs/Node;" line-rate="0.28" branch-rate="0.3333333333333333">
							<lines>
								<line number="124" hits="690" branch="true" condition-coverage="50% (1/2)">
									<conditions>
										<condition number="0" type="jump" coverage="50%"/>
									</conditions>
								</line>
								<line number="125" hits="0" branch="false"/>
								<line number="127" hits="690" branch="true" condition-coverage="50% (1/2)">
									<conditions>
										<condition number="0" type="jump" coverage="50%"/>
									</conditions>
								</line>
								<line number="128" hits="0" branch="false"/>
								<line number="129" hits="0" branch="false"/>
								<line number="130" hits="0" branch="true" condition-coverage="0% (0/2)">
									<conditions>
										<condition number="0" type="jump" coverage="0%"/>
									</conditions>
								</line>
								<line number="131" hits="0" branch="false"/>
								<line number="132" hits="0" branch="false"/>
								<line number="134" hits="0" branch="false"/>
								<line number="135" hits="0" branch="false"/>
								<line number="137" hits="0" branch="true" condition-coverage="0% (0/2)">
									<conditions>
										<condition number="0" type="jump" coverage="0%"/>
									</conditions>
								</line>
								<line number="138" hits="0" branch="false"/>
								<line number="140" hits="0" branch="false"/>
								<line number="142" hits="690" branch="true" condition-coverage="100% (2/2)">
									<conditions>
										<condition number="0" type="jump" coverage="100%"/>
									</conditions>
								</line>
								<line number="143" hits="300" branch="true" condition-coverage="50% (1/2)">
									<conditions>
										<condition number="0" type="jump" coverage="50%"/>
									</conditions>
								</line>
								<line number="144" hits="300" branch="false"/>
								<line number="145" hits="0" branch="true" condition-coverage="0% (0/2)">
									<conditions>
										<condition number="0" type="jump" coverage="0%"/>
									</conditions>
								</line>
								<line number="146" hits="0" branch="false"/>
								<line number="148" hits="0" branch="false"/>
								<line number="150" hits="300" branch="true" condition-coverage="50% (1/2)">
									<conditions>
										<condition number="0" type="jump" coverage="50%"/>
									</conditions>
								</line>
								<line number="151" hits="0" branch="false"/>
								<line number="152" hits="0" branch="false"/>
								<line number="153" hits="0" branch="true" condition-coverage="0% (0/2)">
									<conditions>
										<condition number="0" type="jump" coverage="0%"/>
									</conditions>
								</line>
								<line number="154" hits="0" branch="false"/>
								<line number="158" hits="690" branch="false"/>
							</lines>
						</method>
						<method name="get" signature="(Lnet/oneandone/jasmin/descriptor/Base;)Lnet/oneandone/sushi/fs/Node;" line-rate="0.0" branch-rate="1.0">
							<lines>
								<line number="68" hits="0" branch="false"/>
							</lines>
						</method>
						<method name="getLiveXml" signature="()Lnet/oneandone/sushi/fs/file/FileNode;" line-rate="0.0" branch-rate="0.0">
							<lines>
								<line number="61" hits="0" branch="false"/>
								<line number="62" hits="0" branch="true" condition-coverage="0% (0/2)">
									<conditions>
										<condition number="0" type="jump" coverage="0%"/>
									</conditions>
								</line>
							</lines>
						</method>
						<method name="getWorld" signature="()Lnet/oneandone/sushi/fs/World;" line-rate="1.0" branch-rate="1.0">
							<lines>
								<line number="49" hits="46" branch="false"/>
							</lines>
						</method>
						<method name="isLife" signature="()Z" line-rate="0.0" branch-rate="0.0">
							<lines>
								<line number="55" hits="0" branch="true" condition-coverage="0% (0/2)">
									<conditions>
										<condition number="0" type="jump" coverage="0%"/>
									</conditions>
								</line>
							</lines>
						</method>
						<method name="reset" signature="()V" line-rate="0.0" branch-rate="1.0">
							<lines>
								<line number="78" hits="0" branch="false"/>
								<line number="79" hits="0" branch="false"/>
							</lines>
						</method>
						<method name="resolve" signature="(Lnet/oneandone/sushi/fs/Node;Ljava/lang/String;)Lnet/oneandone/sushi/fs/Node;" line-rate="0.2" branch-rate="1.0">
							<lines>
								<line number="107" hits="690" branch="false"/>
								<line number="108" hits="0" branch="false"/>
								<line number="109" hits="0" branch="false"/>
								<line number="110" hits="0" branch="false"/>
								<line number="111" hits="0" branch="false"/>
							</lines>
						</method>
						<method name="resolve" signature="(Lnet/oneandone/sushi/fs/Node;Lnet/oneandone/jasmin/descriptor/Resource;)Lnet/oneandone/jasmin/model/File;" line-rate="0.8" branch-rate="0.6666666666666666">
							<lines>
								<line number="90" hits="529" branch="false"/>
								<line number="91" hits="529" branch="true" condition-coverage="50% (1/2)">
									<conditions>
										<condition number="0" type="jump" coverage="50%"/>
									</conditions>
								</line>
								<line number="92" hits="529" branch="false"/>
								<line number="94" hits="0" branch="false"/>
								<line number="96" hits="529" branch="true" condition-coverage="50% (1/2)">
									<conditions>
										<condition number="0" type="jump" coverage="50%"/>
									</conditions>
								</line>
								<line number="97" hits="0" branch="false"/>
								<line number="99" hits="529" branch="false"/>
								<line number="100" hits="529" branch="false"/>
								<line number="101" hits="529" branch="true" condition-coverage="100% (2/2)">
									<conditions>
										<condition number="0" type="jump" coverage="100%"/>
									</conditions>
								</line>
								<line number="102" hits="529" branch="false"/>
							</lines>
						</method>
					</methods>
					<lines>
						<line number="39" hits="13" branch="false"/>
						<line number="40" hits="13" branch="false"/>
						<line number="42" hits="23" branch="false"/>
						<line number="43" hits="23" branch="false"/>
						<line number="44" hits="23" branch="true" condition-coverage="100% (2/2)">
							<conditions>
								<condition number="0" type="jump" coverage="100%"/>
							</conditions>
						</line>
						<line number="45" hits="23" branch="false"/>
						<line number="46" hits="23" branch="false"/>
						<line number="49" hits="46" branch="false"/>
						<line number="55" hits="0" branch="true" condition-coverage="0% (0/2)">
							<conditions>
								<condition number="0" type="jump" coverage="0%"/>
							</conditions>
						</line>
						<line number="61" hits="0" branch="false"/>
						<line number="62" hits="0" branch="true" condition-coverage="0% (0/2)">
							<conditions>
								<condition number="0" type="jump" coverage="0%"/>
							</conditions>
						</line>
						<line number="68" hits="0" branch="false"/>
						<line number="72" hits="14" branch="true" condition-coverage="50% (1/2)">
							<conditions>
								<condition number="0" type="jump" coverage="50%"/>
							</conditions>
						</line>
						<line number="73" hits="0" branch="false"/>
						<line number="75" hits="14" branch="false"/>
						<line number="78" hits="0" branch="false"/>
						<line number="79" hits="0" branch="false"/>
						<line number="90" hits="529" branch="false"/>
						<line number="91" hits="529" branch="true" condition-coverage="50% (1/2)">
							<conditions>
								<condition number="0" type="jump" coverage="50%"/>
							</conditions>
						</line>
						<line number="92" hits="529" branch="false"/>
						<line number="94" hits="0" branch="false"/>
						<line number="96" hits="529" branch="true" condition-coverage="50% (1/2)">
							<conditions>
								<condition number="0" type="jump" coverage="50%"/>
							</conditions>
						</line>
						<line number="97" hits="0" branch="false"/>
						<line number="99" hits="529" branch="false"/>
						<line number="100" hits="529" branch="false"/>
						<line number="101" hits="529" branch="true" condition-coverage="100% (2/2)">
							<conditions>
								<condition number="0" type="jump" coverage="100%"/>
							</conditions>
						</line>
						<line number="102" hits="529" branch="false"/>
						<line number="107" hits="690" branch="false"/>
						<line number="108" hits="0" branch="false"/>
						<line number="109" hits="0" branch="false"/>
						<line number="110" hits="0" branch="false"/>
						<line number="111" hits="0" branch="false"/>
						<line number="124" hits="690" branch="true" condition-coverage="50% (1/2)">
							<conditions>
								<condition number="0" type="jump" coverage="50%"/>
							</conditions>
						</line>
						<line number="125" hits="0" branch="false"/>
						<line number="127" hits="690" branch="true" condition-coverage="50% (1/2)">
							<conditions>
								<condition number="0" type="jump" coverage="50%"/>
							</conditions>
						</line>
						<line number="128" hits="0" branch="false"/>
						<line number="129" hits="0" branch="false"/>
						<line number="130" hits="0" branch="true" condition-coverage="0% (0/2)">
							<conditions>
								<condition number="0" type="jump" coverage="0%"/>
							</conditions>
						</line>
						<line number="131" hits="0" branch="false"/>
						<line number="132" hits="0" branch="false"/>
						<line number="134" hits="0" branch="false"/>
						<line number="135" hits="0" branch="false"/>
						<line number="137" hits="0" branch="true" condition-coverage="0% (0/2)">
							<conditions>
								<condition number="0" type="jump" coverage="0%"/>
							</conditions>
						</line>
						<line number="138" hits="0" branch="false"/>
						<line number="140" hits="0" branch="false"/>
						<line number="142" hits="690" branch="true" condition-coverage="100% (2/2)">
							<conditions>
								<condition number="0" type="jump" coverage="100%"/>
							</conditions>
						</line>
						<line number="143" hits="300" branch="true" condition-coverage="50% (1/2)">
							<conditions>
								<condition number="0" type="jump" coverage="50%"/>
							</conditions>
						</line>
						<line number="144" hits="300" branch="false"/>
						<line number="145" hits="0" branch="true" condition-coverage="0% (0/2)">
							<conditions>
								<condition number="0" type="jump" coverage="0%"/>
							</conditions>
						</line>
						<line number="146" hits="0" branch="false"/>
						<line number="148" hits="0" branch="false"/>
						<line number="150" hits="300" branch="true" condition-coverage="50% (1/2)">
							<conditions>
								<condition number="0" type="jump" coverage="50%"/>
							</conditions>
						</line>
						<line number="151" hits="0" branch="false"/>
						<line number="152" hits="0" branch="false"/>
						<line number="153" hits="0" branch="true" condition-coverage="0% (0/2)">
							<conditions>
								<condition number="0" type="jump" coverage="0%"/>
							</conditions>
						</line>
						<line number="154" hits="0" branch="false"/>
						<line number="158" hits="690" branch="false"/>
					</lines>
				</class>
				<class name="net.oneandone.jasmin.model.Source" filename="net/oneandone/jasmin/model/Source.java" line-rate="0.9545454545454546" branch-rate="0.5" complexity="0.0">
					<methods>
						<method name="&lt;clinit&gt;" signature="()V" line-rate="1.0" branch-rate="1.0">
							<lines>
								<line number="28" hits="1" branch="false"/>
							</lines>
						</method>
						<method name="&lt;init&gt;" signature="(Lnet/oneandone/sushi/fs/Node;Ljava/lang/String;Ljava/lang/String;Ljava/lang/String;Ljava/lang/String;)V" line-rate="1.0" branch-rate="1.0">
							<lines>
								<line number="67" hits="46" branch="false"/>
								<line number="68" hits="46" branch="false"/>
								<line number="69" hits="46" branch="false"/>
								<line number="70" hits="46" branch="false"/>
								<line number="71" hits="46" branch="false"/>
								<line number="72" hits="46" branch="false"/>
								<line number="73" hits="46" branch="false"/>
							</lines>
						</method>
						<method name="get" signature="(Ljava/util/Properties;Ljava/lang/String;)Ljava/lang/String;" line-rate="0.75" branch-rate="0.5">
							<lines>
								<line number="52" hits="184" branch="false"/>
								<line number="53" hits="184" branch="true" condition-coverage="50% (1/2)">
									<conditions>
										<condition number="0" type="jump" coverage="50%"/>
									</conditions>
								</line>
								<line number="54" hits="0" branch="false"/>
								<line number="56" hits="184" branch="false"/>
							</lines>
						</method>
						<method name="load" signature="(Lnet/oneandone/sushi/fs/Node;Lnet/oneandone/sushi/fs/Node;)Lnet/oneandone/jasmin/model/Source;" line-rate="1.0" branch-rate="0.5">
							<lines>
								<line number="37" hits="46" branch="false"/>
								<line number="38" hits="46" branch="false"/>
								<line number="39" hits="46" branch="false"/>
								<line number="40" hits="46" branch="false"/>
								<line number="41" hits="46" branch="true" condition-coverage="50% (2/4)">
									<conditions>
										<condition number="0" type="jump" coverage="50%"/>
										<condition number="1" type="jump" coverage="50%"/>
									</conditions>
								</line>
								<line number="42" hits="46" branch="false"/>
								<line number="43" hits="46" branch="false"/>
								<line number="44" hits="46" branch="false"/>
								<line number="45" hits="46" branch="false"/>
								<line number="46" hits="46" branch="false"/>
							</lines>
						</method>
					</methods>
					<lines>
						<line number="28" hits="1" branch="false"/>
						<line number="37" hits="46" branch="false"/>
						<line number="38" hits="46" branch="false"/>
						<line number="39" hits="46" branch="false"/>
						<line number="40" hits="46" branch="false"/>
						<line number="41" hits="46" branch="true" condition-coverage="50% (2/4)">
							<conditions>
								<condition number="0" type="jump" coverage="50%"/>
								<condition number="1" type="jump" coverage="50%"/>
							</conditions>
						</line>
						<line number="42" hits="46" branch="false"/>
						<line number="43" hits="46" branch="false"/>
						<line number="44" hits="46" branch="false"/>
						<line number="45" hits="46" branch="false"/>
						<line number="46" hits="46" branch="false"/>
						<line number="52" hits="184" branch="false"/>
						<line number="53" hits="184" branch="true" condition-coverage="50% (1/2)">
							<conditions>
								<condition number="0" type="jump" coverage="50%"/>
							</conditions>
						</line>
						<line number="54" hits="0" branch="false"/>
						<line number="56" hits="184" branch="false"/>
						<line number="67" hits="46" branch="false"/>
						<line number="68" hits="46" branch="false"/>
						<line number="69" hits="46" branch="false"/>
						<line number="70" hits="46" branch="false"/>
						<line number="71" hits="46" branch="false"/>
						<line number="72" hits="46" branch="false"/>
						<line number="73" hits="46" branch="false"/>
					</lines>
				</class>
			</classes>
		</package>
	</packages>
</coverage>
